[Thu May 21 11:26:38.656514 2020] [ssl:warn] [pid 26136:tid 608] AH01909: www.example.com:443:0 server certificate does NOT include an ID which matches the server name
[Thu May 21 11:26:38.684786 2020] [ssl:warn] [pid 26136:tid 608] AH01909: www.example.com:443:0 server certificate does NOT include an ID which matches the server name
[Thu May 21 11:26:38.705122 2020] [mpm_winnt:notice] [pid 26136:tid 608] AH00455: Apache/2.4.43 (Win64) OpenSSL/1.1.1g PHP/7.2.31 configured -- resuming normal operations
[Thu May 21 11:26:38.705122 2020] [mpm_winnt:notice] [pid 26136:tid 608] AH00456: Apache Lounge VC15 Server built: Apr 22 2020 11:11:00
[Thu May 21 11:26:38.705122 2020] [core:notice] [pid 26136:tid 608] AH00094: Command line: 'C:\\xampp\\apache\\bin\\httpd.exe -d C:/xampp/apache'
[Thu May 21 11:26:38.707106 2020] [mpm_winnt:notice] [pid 26136:tid 608] AH00418: Parent: Created child process 15380
[Thu May 21 11:26:38.949156 2020] [ssl:warn] [pid 15380:tid 672] AH01909: www.example.com:443:0 server certificate does NOT include an ID which matches the server name
[Thu May 21 11:26:38.972465 2020] [ssl:warn] [pid 15380:tid 672] AH01909: www.example.com:443:0 server certificate does NOT include an ID which matches the server name
[Thu May 21 11:26:38.987842 2020] [mpm_winnt:notice] [pid 15380:tid 672] AH00354: Child: Starting 150 worker threads.
[Thu May 21 12:59:59.255616 2020] [ssl:warn] [pid 30896:tid 636] AH01909: www.example.com:443:0 server certificate does NOT include an ID which matches the server name
[Thu May 21 12:59:59.285375 2020] [ssl:warn] [pid 30896:tid 636] AH01909: www.example.com:443:0 server certificate does NOT include an ID which matches the server name
[Thu May 21 12:59:59.300255 2020] [mpm_winnt:notice] [pid 30896:tid 636] AH00455: Apache/2.4.43 (Win64) OpenSSL/1.1.1g PHP/7.2.31 configured -- resuming normal operations
[Thu May 21 12:59:59.300255 2020] [mpm_winnt:notice] [pid 30896:tid 636] AH00456: Apache Lounge VC15 Server built: Apr 22 2020 11:11:00
[Thu May 21 12:59:59.300255 2020] [core:notice] [pid 30896:tid 636] AH00094: Command line: 'c:\\xampp\\apache\\bin\\httpd.exe -d C:/xampp/apache'
[Thu May 21 12:59:59.302735 2020] [mpm_winnt:notice] [pid 30896:tid 636] AH00418: Parent: Created child process 6124
[Thu May 21 12:59:59.621664 2020] [ssl:warn] [pid 6124:tid 644] AH01909: www.example.com:443:0 server certificate does NOT include an ID which matches the server name
[Thu May 21 12:59:59.647951 2020] [ssl:warn] [pid 6124:tid 644] AH01909: www.example.com:443:0 server certificate does NOT include an ID which matches the server name
[Thu May 21 12:59:59.664319 2020] [mpm_winnt:notice] [pid 6124:tid 644] AH00354: Child: Starting 150 worker threads.
[Thu May 21 13:18:53.702196 2020] [php7:notice] [pid 6124:tid 1888] [client ::1:54302] WordPress database error Unknown column 'wp_' in 'field list' for query SELECT wp_, referer: http://localhost/WP/wp-admin/setup-config.php?step=1
[Thu May 21 15:26:55.431204 2020] [mpm_winnt:crit] [pid 6124:tid 644] AH02538: Child: Parent process exited abruptly. Child process is ending
[Thu May 21 16:38:59.894436 2020] [ssl:warn] [pid 15588:tid 616] AH01909: www.example.com:443:0 server certificate does NOT include an ID which matches the server name
[Thu May 21 16:38:59.920724 2020] [core:warn] [pid 15588:tid 616] AH00098: pid file C:/xampp/apache/logs/httpd.pid overwritten -- Unclean shutdown of previous Apache run?
[Thu May 21 16:38:59.923700 2020] [ssl:warn] [pid 15588:tid 616] AH01909: www.example.com:443:0 server certificate does NOT include an ID which matches the server name
[Thu May 21 16:39:00.077460 2020] [mpm_winnt:notice] [pid 15588:tid 616] AH00455: Apache/2.4.43 (Win64) OpenSSL/1.1.1g PHP/7.2.31 configured -- resuming normal operations
[Thu May 21 16:39:00.077460 2020] [mpm_winnt:notice] [pid 15588:tid 616] AH00456: Apache Lounge VC15 Server built: Apr 22 2020 11:11:00
[Thu May 21 16:39:00.077460 2020] [core:notice] [pid 15588:tid 616] AH00094: Command line: 'c:\\xampp\\apache\\bin\\httpd.exe -d C:/xampp/apache'
[Thu May 21 16:39:00.078948 2020] [mpm_winnt:notice] [pid 15588:tid 616] AH00418: Parent: Created child process 19720
[Thu May 21 16:39:00.347780 2020] [ssl:warn] [pid 19720:tid 628] AH01909: www.example.com:443:0 server certificate does NOT include an ID which matches the server name
[Thu May 21 16:39:00.373572 2020] [ssl:warn] [pid 19720:tid 628] AH01909: www.example.com:443:0 server certificate does NOT include an ID which matches the server name
[Thu May 21 16:39:00.389444 2020] [mpm_winnt:notice] [pid 19720:tid 628] AH00354: Child: Starting 150 worker threads.
[Thu May 21 17:47:49.530844 2020] [php7:notice] [pid 19720:tid 1892] [client ::1:59969] WordPress database error Unknown column 'wp_' in 'field list' for query SELECT wp_, referer: http://localhost/WP/wp-admin/setup-config.php?step=1
